<?xml version="1.0" encoding="UTF-8"?>
<testng-results ignored="0" total="1" passed="1" failed="0" skipped="0">
  <reporter-output>
  </reporter-output>
  <suite started-at="2023-09-11T19:14:47 IST" name="Default suite" finished-at="2023-09-11T19:15:03 IST" duration-ms="16137">
    <groups>
    </groups>
    <test started-at="2023-09-11T19:14:47 IST" name="Default test" finished-at="2023-09-11T19:15:03 IST" duration-ms="16137">
      <class name="TestCases.VerifyLoginOrange">
        <test-method signature="Login()[pri:0, instance:TestCases.VerifyLoginOrange@7c7b252e]" started-at="2023-09-11T19:14:47 IST" name="Login" finished-at="2023-09-11T19:15:03 IST" duration-ms="16074" status="PASS">
          <reporter-output>
          </reporter-output>
        </test-method> <!-- Login -->
      </class> <!-- TestCases.VerifyLoginOrange -->
    </test> <!-- Default test -->
  </suite> <!-- Default suite -->
</testng-results>
